<?xml version="1.0" encoding="utf-8"?><testsuites name="pytest tests"><testsuite name="pytest" errors="0" failures="0" skipped="0" tests="30" time="11.455" timestamp="2026-05-09T21:39:39.676190+00:00" hostname="agent-env-6a0308eb-93be-400f-8347-226d3b332b59"><testcase classname="backend.tests.test_payo_api.TestDashboard" name="test_today" time="0.158" /><testcase classname="backend.tests.test_payo_api.TestDashboard" name="test_exchange_rate" time="0.044" /><testcase classname="backend.tests.test_payo_api.TestTransactions" name="test_recent_default" time="0.047" /><testcase classname="backend.tests.test_payo_api.TestTransactions" name="test_paginated" time="0.045" /><testcase classname="backend.tests.test_payo_api.TestTransactions" name="test_date_filter" time="0.052" /><testcase classname="backend.tests.test_payo_api.TestTransactions" name="test_date_filter_invalid" time="0.048" /><testcase classname="backend.tests.test_payo_api.TestTransactions" name="test_daily_summary" time="0.046" /><testcase classname="backend.tests.test_payo_api.TestRecipients" name="test_list" time="0.046" /><testcase classname="backend.tests.test_payo_api.TestTransfer" name="test_create_valid" time="0.093" /><testcase classname="backend.tests.test_payo_api.TestTransfer" name="test_reject_zero" time="0.049" /><testcase classname="backend.tests.test_payo_api.TestTransfer" name="test_reject_negative" time="0.045" /><testcase classname="backend.tests.test_payo_api.TestBanks" name="test_list_six_banks" time="0.045" /><testcase classname="backend.tests.test_payo_api.TestWithdraw" name="test_valid_withdraw_bca" time="0.099" /><testcase classname="backend.tests.test_payo_api.TestWithdraw" name="test_below_minimum" time="0.043" /><testcase classname="backend.tests.test_payo_api.TestWithdraw" name="test_invalid_bank" time="0.044" /><testcase classname="backend.tests.test_payo_api.TestQRIS" name="test_generate_dynamic" time="0.048" /><testcase classname="backend.tests.test_payo_api.TestQRIS" name="test_generate_zero_rejected" time="0.047" /><testcase classname="backend.tests.test_payo_api.TestQRIS" name="test_static" time="0.045" /><testcase classname="backend.tests.test_payo_api.TestVoiceParseText" name="test_transfer_intent" time="4.613" /><testcase classname="backend.tests.test_payo_api.TestVoiceParseText" name="test_withdraw_intent" time="1.463" /><testcase classname="backend.tests.test_pin_security.TestPinStatusAndCreate" name="test_status_when_not_set" time="0.163" /><testcase classname="backend.tests.test_pin_security.TestPinStatusAndCreate" name="test_create_mismatch" time="0.052" /><testcase classname="backend.tests.test_pin_security.TestPinStatusAndCreate" name="test_create_invalid_format_5_digits" time="0.055" /><testcase classname="backend.tests.test_pin_security.TestPinStatusAndCreate" name="test_create_invalid_format_letters" time="0.049" /><testcase classname="backend.tests.test_pin_security.TestPinStatusAndCreate" name="test_create_success" time="0.274" /><testcase classname="backend.tests.test_pin_security.TestPinStatusAndCreate" name="test_status_after_create" time="0.053" /><testcase classname="backend.tests.test_pin_security.TestPinVerify" name="test_verify_correct" time="0.904" /><testcase classname="backend.tests.test_pin_security.TestPinVerify" name="test_verify_wrong_returns_401_with_remaining" time="0.880" /><testcase classname="backend.tests.test_pin_security.TestPinLockout" name="test_five_wrong_then_locked" time="1.705" /><testcase classname="backend.tests.test_pin_security.TestPinLockout" name="test_when_locked_correct_pin_still_429" time="0.049" /></testsuite></testsuites>