<?xml version="1.0" encoding="utf-8"?><testsuites name="pytest tests"><testsuite name="pytest" errors="0" failures="0" skipped="0" tests="12" time="1.541" timestamp="2026-05-05T17:58:56.380972+00:00" hostname="agent-env-6a0308eb-93be-400f-8347-226d3b332b59"><testcase classname="backend.tests.test_payo_api.TestDashboard" name="test_today" time="0.420" /><testcase classname="backend.tests.test_payo_api.TestDashboard" name="test_exchange_rate" time="0.074" /><testcase classname="backend.tests.test_payo_api.TestTransactions" name="test_recent_default" time="0.076" /><testcase classname="backend.tests.test_payo_api.TestTransactions" name="test_paginated_page1" time="0.078" /><testcase classname="backend.tests.test_payo_api.TestTransactions" name="test_paginated_page2_different" time="0.147" /><testcase classname="backend.tests.test_payo_api.TestRecipients" name="test_list" time="0.121" /><testcase classname="backend.tests.test_payo_api.TestTransfer" name="test_create_transfer_valid" time="0.151" /><testcase classname="backend.tests.test_payo_api.TestTransfer" name="test_reject_zero_amount" time="0.074" /><testcase classname="backend.tests.test_payo_api.TestTransfer" name="test_reject_negative" time="0.079" /><testcase classname="backend.tests.test_payo_api.TestQRIS" name="test_generate_dynamic" time="0.084" /><testcase classname="backend.tests.test_payo_api.TestQRIS" name="test_generate_zero_rejected" time="0.078" /><testcase classname="backend.tests.test_payo_api.TestQRIS" name="test_static" time="0.074" /></testsuite></testsuites>